<?xml version="1.0" encoding="UTF-8"?>
<!-- Generated by org.testng.reporters.JUnitReportReporter -->
<testsuite hostname="OTX-35GJRL3" failures="0" tests="1" name="HttpRequests.ParsingJsonResponse" time="2.290" errors="0" timestamp="2023-08-27T19:02:44 IST" skipped="0">
  <testcase classname="HttpRequests.ParsingJsonResponse" name="jsonObject" time="2.290"/>
  <system-out/>
</testsuite> <!-- HttpRequests.ParsingJsonResponse -->
