<?xml version="1.0" encoding="UTF-8"?>
<!-- Generated by org.testng.reporters.JUnitReportReporter -->
<testsuite hostname="OTX-35GJRL3" failures="0" tests="3" name="HttpRequests.ParsingResponseBody" time="3.554" errors="0" timestamp="2023-08-28T22:07:18 IST" skipped="0">
  <testcase classname="HttpRequests.ParsingResponseBody" name="testParsingResponseBodyApproach2" time="0.260"/>
  <system-out/>
  <testcase classname="HttpRequests.ParsingResponseBody" name="testParsingResponseBody" time="3.089"/>
  <system-out/>
  <testcase classname="HttpRequests.ParsingResponseBody" name="testParsingResponseBodyUsingJSONObject" time="0.205"/>
  <system-out/>
</testsuite> <!-- HttpRequests.ParsingResponseBody -->
