<?xml version="1.0" encoding="UTF-8"?>
<!-- Generated by org.testng.reporters.JUnitReportReporter -->
<testsuite hostname="OTX-35GJRL3" failures="0" tests="2" name="HttpRequests.CookiesAndHeaders" time="2.429" errors="0" timestamp="2023-08-27T21:36:56 IST" skipped="0">
  <testcase classname="HttpRequests.CookiesAndHeaders" name="testHeaders" time="0.337"/>
  <system-out/>
  <testcase classname="HttpRequests.CookiesAndHeaders" name="testCookies" time="2.092"/>
  <system-out/>
</testsuite> <!-- HttpRequests.CookiesAndHeaders -->
