<?xml version="1.0" encoding="UTF-8"?>
<!-- Generated by org.testng.reporters.JUnitReportReporter -->
<testsuite hostname="OTX-35GJRL3" failures="0" tests="4" name="HttpRequests.RequestBodyDifferentWays" time="4.831" errors="0" timestamp="2023-08-27T19:29:16 IST" skipped="0">
  <testcase classname="HttpRequests.RequestBodyDifferentWays" name="createUserWithHashMAP" time="1.083"/>
  <system-out/>
  <testcase classname="HttpRequests.RequestBodyDifferentWays" name="createUserWithPOJOClass" time="0.613"/>
  <system-out/>
  <testcase classname="HttpRequests.RequestBodyDifferentWays" name="createUserWithJSONObject" time="0.609"/>
  <system-out/>
  <testcase classname="HttpRequests.RequestBodyDifferentWays" name="createUserWithExternalJSON" time="2.526"/>
  <system-out/>
</testsuite> <!-- HttpRequests.RequestBodyDifferentWays -->
