<?xml version="1.0" encoding="UTF-8"?>
<!-- Generated by org.testng.reporters.JUnitReportReporter -->
<testsuite hostname="OTX-35GJRL3" failures="0" tests="1" name="HttpRequests.QueryAndPathParams" time="2.657" errors="0" timestamp="2023-08-28T22:09:08 IST" skipped="0">
  <testcase classname="HttpRequests.QueryAndPathParams" name="testQueryAndPathParams" time="2.657"/>
  <system-out/>
</testsuite> <!-- HttpRequests.QueryAndPathParams -->
