<?xml version="1.0" encoding="UTF-8"?>
<!-- Generated by org.testng.reporters.JUnitReportReporter -->
<testsuite hostname="OTX-35GJRL3" failures="0" tests="3" name="HttpRequests.ReqRes" time="4.789" errors="0" timestamp="2023-08-27T19:05:12 IST" skipped="0">
  <testcase classname="HttpRequests.ReqRes" name="CreateUser" time="3.784"/>
  <system-out/>
  <testcase classname="HttpRequests.ReqRes" name="getUsers" time="0.423"/>
  <system-out/>
  <testcase classname="HttpRequests.ReqRes" name="updateUser" time="0.582"/>
  <system-out/>
</testsuite> <!-- HttpRequests.ReqRes -->
